1670424345: mosquitto version 2.0.15 starting
1670424345: Config loaded from /mosquitto/config/mosquitto.conf.
1670424345: Opening ipv4 listen socket on port 1883.
1670424345: Opening ipv6 listen socket on port 1883.
1670424345: mosquitto version 2.0.15 running
1670426146: Saving in-memory database to /mosquitto/data//mosquitto.db.
1670427947: Saving in-memory database to /mosquitto/data//mosquitto.db.
1670429748: Saving in-memory database to /mosquitto/data//mosquitto.db.
1670431549: Saving in-memory database to /mosquitto/data//mosquitto.db.
1670433350: Saving in-memory database to /mosquitto/data//mosquitto.db.
1670435151: Saving in-memory database to /mosquitto/data//mosquitto.db.
1670436952: Saving in-memory database to /mosquitto/data//mosquitto.db.
1670438753: Saving in-memory database to /mosquitto/data//mosquitto.db.
1670440554: Saving in-memory database to /mosquitto/data//mosquitto.db.
1670442355: Saving in-memory database to /mosquitto/data//mosquitto.db.
1670444156: Saving in-memory database to /mosquitto/data//mosquitto.db.
1670445957: Saving in-memory database to /mosquitto/data//mosquitto.db.
1670447758: Saving in-memory database to /mosquitto/data//mosquitto.db.
1670449559: Saving in-memory database to /mosquitto/data//mosquitto.db.
1670451362: Saving in-memory database to /mosquitto/data//mosquitto.db.
1670453163: Saving in-memory database to /mosquitto/data//mosquitto.db.
1670454964: Saving in-memory database to /mosquitto/data//mosquitto.db.
1670456765: Saving in-memory database to /mosquitto/data//mosquitto.db.
1670458566: Saving in-memory database to /mosquitto/data//mosquitto.db.
1670460367: Saving in-memory database to /mosquitto/data//mosquitto.db.
1670462168: Saving in-memory database to /mosquitto/data//mosquitto.db.
1670463969: Saving in-memory database to /mosquitto/data//mosquitto.db.
1670465770: Saving in-memory database to /mosquitto/data//mosquitto.db.
1670467571: Saving in-memory database to /mosquitto/data//mosquitto.db.
1670469372: Saving in-memory database to /mosquitto/data//mosquitto.db.
1670471173: Saving in-memory database to /mosquitto/data//mosquitto.db.
1670472974: Saving in-memory database to /mosquitto/data//mosquitto.db.
1670474775: Saving in-memory database to /mosquitto/data//mosquitto.db.
1670476576: Saving in-memory database to /mosquitto/data//mosquitto.db.
1670478377: Saving in-memory database to /mosquitto/data//mosquitto.db.
1670480178: Saving in-memory database to /mosquitto/data//mosquitto.db.
1670481979: Saving in-memory database to /mosquitto/data//mosquitto.db.
1670483780: Saving in-memory database to /mosquitto/data//mosquitto.db.
1670485581: Saving in-memory database to /mosquitto/data//mosquitto.db.
1670487382: Saving in-memory database to /mosquitto/data//mosquitto.db.
1670489183: Saving in-memory database to /mosquitto/data//mosquitto.db.
1670490984: Saving in-memory database to /mosquitto/data//mosquitto.db.
1670492785: Saving in-memory database to /mosquitto/data//mosquitto.db.
1670494586: Saving in-memory database to /mosquitto/data//mosquitto.db.
1670496387: Saving in-memory database to /mosquitto/data//mosquitto.db.
1670498188: Saving in-memory database to /mosquitto/data//mosquitto.db.
1670499989: Saving in-memory database to /mosquitto/data//mosquitto.db.
1670501790: Saving in-memory database to /mosquitto/data//mosquitto.db.
1670503591: Saving in-memory database to /mosquitto/data//mosquitto.db.
1670505392: Saving in-memory database to /mosquitto/data//mosquitto.db.
1670507193: Saving in-memory database to /mosquitto/data//mosquitto.db.
1670508994: Saving in-memory database to /mosquitto/data//mosquitto.db.
1670510795: Saving in-memory database to /mosquitto/data//mosquitto.db.
1670512596: Saving in-memory database to /mosquitto/data//mosquitto.db.
1670514397: Saving in-memory database to /mosquitto/data//mosquitto.db.
1670516198: Saving in-memory database to /mosquitto/data//mosquitto.db.
1670517999: Saving in-memory database to /mosquitto/data//mosquitto.db.
1670519800: Saving in-memory database to /mosquitto/data//mosquitto.db.
1670521601: Saving in-memory database to /mosquitto/data//mosquitto.db.
1670523402: Saving in-memory database to /mosquitto/data//mosquitto.db.
1670525203: Saving in-memory database to /mosquitto/data//mosquitto.db.
1670527004: Saving in-memory database to /mosquitto/data//mosquitto.db.
1670528805: Saving in-memory database to /mosquitto/data//mosquitto.db.
1670530606: Saving in-memory database to /mosquitto/data//mosquitto.db.
1670532407: Saving in-memory database to /mosquitto/data//mosquitto.db.
1670534208: Saving in-memory database to /mosquitto/data//mosquitto.db.
1670536009: Saving in-memory database to /mosquitto/data//mosquitto.db.
1670537810: Saving in-memory database to /mosquitto/data//mosquitto.db.
1670539611: Saving in-memory database to /mosquitto/data//mosquitto.db.
1670541412: Saving in-memory database to /mosquitto/data//mosquitto.db.
1670543213: Saving in-memory database to /mosquitto/data//mosquitto.db.
1670545014: Saving in-memory database to /mosquitto/data//mosquitto.db.
1670546815: Saving in-memory database to /mosquitto/data//mosquitto.db.
1670548616: Saving in-memory database to /mosquitto/data//mosquitto.db.
1670550417: Saving in-memory database to /mosquitto/data//mosquitto.db.
1670552218: Saving in-memory database to /mosquitto/data//mosquitto.db.
1670554019: Saving in-memory database to /mosquitto/data//mosquitto.db.
1670555820: Saving in-memory database to /mosquitto/data//mosquitto.db.
1670557621: Saving in-memory database to /mosquitto/data//mosquitto.db.
1670559422: Saving in-memory database to /mosquitto/data//mosquitto.db.
1670561223: Saving in-memory database to /mosquitto/data//mosquitto.db.
1670563024: Saving in-memory database to /mosquitto/data//mosquitto.db.
1670564825: Saving in-memory database to /mosquitto/data//mosquitto.db.
1670566626: Saving in-memory database to /mosquitto/data//mosquitto.db.
1670568427: Saving in-memory database to /mosquitto/data//mosquitto.db.
1670570228: Saving in-memory database to /mosquitto/data//mosquitto.db.
1670572029: Saving in-memory database to /mosquitto/data//mosquitto.db.
1670573830: Saving in-memory database to /mosquitto/data//mosquitto.db.
1670575631: Saving in-memory database to /mosquitto/data//mosquitto.db.
1670577432: Saving in-memory database to /mosquitto/data//mosquitto.db.
1670579233: Saving in-memory database to /mosquitto/data//mosquitto.db.
1670581034: Saving in-memory database to /mosquitto/data//mosquitto.db.
1670582835: Saving in-memory database to /mosquitto/data//mosquitto.db.
1670584636: Saving in-memory database to /mosquitto/data//mosquitto.db.
1670586437: Saving in-memory database to /mosquitto/data//mosquitto.db.
1670588238: Saving in-memory database to /mosquitto/data//mosquitto.db.
1670590039: Saving in-memory database to /mosquitto/data//mosquitto.db.
1670591840: Saving in-memory database to /mosquitto/data//mosquitto.db.
1670593641: Saving in-memory database to /mosquitto/data//mosquitto.db.
1670595442: Saving in-memory database to /mosquitto/data//mosquitto.db.
1670597243: Saving in-memory database to /mosquitto/data//mosquitto.db.
1670599044: Saving in-memory database to /mosquitto/data//mosquitto.db.
1670600845: Saving in-memory database to /mosquitto/data//mosquitto.db.
1670602646: Saving in-memory database to /mosquitto/data//mosquitto.db.
1670604447: Saving in-memory database to /mosquitto/data//mosquitto.db.
1670606248: Saving in-memory database to /mosquitto/data//mosquitto.db.
1670608049: Saving in-memory database to /mosquitto/data//mosquitto.db.
1670609850: Saving in-memory database to /mosquitto/data//mosquitto.db.
1670611651: Saving in-memory database to /mosquitto/data//mosquitto.db.
1670613452: Saving in-memory database to /mosquitto/data//mosquitto.db.
1670615253: Saving in-memory database to /mosquitto/data//mosquitto.db.
1670617054: Saving in-memory database to /mosquitto/data//mosquitto.db.
1670618855: Saving in-memory database to /mosquitto/data//mosquitto.db.
1670620658: Saving in-memory database to /mosquitto/data//mosquitto.db.
1670622459: Saving in-memory database to /mosquitto/data//mosquitto.db.
1670624260: Saving in-memory database to /mosquitto/data//mosquitto.db.
1670626061: Saving in-memory database to /mosquitto/data//mosquitto.db.
1670627862: Saving in-memory database to /mosquitto/data//mosquitto.db.
1670629663: Saving in-memory database to /mosquitto/data//mosquitto.db.
1670631464: Saving in-memory database to /mosquitto/data//mosquitto.db.
1670633265: Saving in-memory database to /mosquitto/data//mosquitto.db.
1670635066: Saving in-memory database to /mosquitto/data//mosquitto.db.
1670636867: Saving in-memory database to /mosquitto/data//mosquitto.db.
1670638668: Saving in-memory database to /mosquitto/data//mosquitto.db.
1670640469: Saving in-memory database to /mosquitto/data//mosquitto.db.
1670642270: Saving in-memory database to /mosquitto/data//mosquitto.db.
1670644071: Saving in-memory database to /mosquitto/data//mosquitto.db.
1670645872: Saving in-memory database to /mosquitto/data//mosquitto.db.
1670647673: Saving in-memory database to /mosquitto/data//mosquitto.db.
1670649474: Saving in-memory database to /mosquitto/data//mosquitto.db.
1670651275: Saving in-memory database to /mosquitto/data//mosquitto.db.
1670653076: Saving in-memory database to /mosquitto/data//mosquitto.db.
1670654877: Saving in-memory database to /mosquitto/data//mosquitto.db.
1670656678: Saving in-memory database to /mosquitto/data//mosquitto.db.
1670658479: Saving in-memory database to /mosquitto/data//mosquitto.db.
1670660280: Saving in-memory database to /mosquitto/data//mosquitto.db.
1670662081: Saving in-memory database to /mosquitto/data//mosquitto.db.
1670663882: Saving in-memory database to /mosquitto/data//mosquitto.db.
1670665683: Saving in-memory database to /mosquitto/data//mosquitto.db.
1670667484: Saving in-memory database to /mosquitto/data//mosquitto.db.
1670669285: Saving in-memory database to /mosquitto/data//mosquitto.db.
1670671086: Saving in-memory database to /mosquitto/data//mosquitto.db.
1670672887: Saving in-memory database to /mosquitto/data//mosquitto.db.
1670674688: Saving in-memory database to /mosquitto/data//mosquitto.db.
1670676489: Saving in-memory database to /mosquitto/data//mosquitto.db.
1670678290: Saving in-memory database to /mosquitto/data//mosquitto.db.
1670680091: Saving in-memory database to /mosquitto/data//mosquitto.db.
1670681892: Saving in-memory database to /mosquitto/data//mosquitto.db.
1670683693: Saving in-memory database to /mosquitto/data//mosquitto.db.
1670685494: Saving in-memory database to /mosquitto/data//mosquitto.db.
1670687295: Saving in-memory database to /mosquitto/data//mosquitto.db.
1670689096: Saving in-memory database to /mosquitto/data//mosquitto.db.
1670690897: Saving in-memory database to /mosquitto/data//mosquitto.db.
1670692698: Saving in-memory database to /mosquitto/data//mosquitto.db.
1670694499: Saving in-memory database to /mosquitto/data//mosquitto.db.
1670696300: Saving in-memory database to /mosquitto/data//mosquitto.db.
1670698101: Saving in-memory database to /mosquitto/data//mosquitto.db.
1670699902: Saving in-memory database to /mosquitto/data//mosquitto.db.
1670701703: Saving in-memory database to /mosquitto/data//mosquitto.db.
1670703504: Saving in-memory database to /mosquitto/data//mosquitto.db.
1670705305: Saving in-memory database to /mosquitto/data//mosquitto.db.
1670707106: Saving in-memory database to /mosquitto/data//mosquitto.db.
1670708907: Saving in-memory database to /mosquitto/data//mosquitto.db.
1670710708: Saving in-memory database to /mosquitto/data//mosquitto.db.
1670712509: Saving in-memory database to /mosquitto/data//mosquitto.db.
1670714310: Saving in-memory database to /mosquitto/data//mosquitto.db.
1670716111: Saving in-memory database to /mosquitto/data//mosquitto.db.
1670717912: Saving in-memory database to /mosquitto/data//mosquitto.db.
1670719713: Saving in-memory database to /mosquitto/data//mosquitto.db.
1670721514: Saving in-memory database to /mosquitto/data//mosquitto.db.
1670723315: Saving in-memory database to /mosquitto/data//mosquitto.db.
1670725116: Saving in-memory database to /mosquitto/data//mosquitto.db.
1670726917: Saving in-memory database to /mosquitto/data//mosquitto.db.
1670728718: Saving in-memory database to /mosquitto/data//mosquitto.db.
1670730519: Saving in-memory database to /mosquitto/data//mosquitto.db.
1670732320: Saving in-memory database to /mosquitto/data//mosquitto.db.
1670734121: Saving in-memory database to /mosquitto/data//mosquitto.db.
1670735922: Saving in-memory database to /mosquitto/data//mosquitto.db.
1670737723: Saving in-memory database to /mosquitto/data//mosquitto.db.
1670739524: Saving in-memory database to /mosquitto/data//mosquitto.db.
1670741325: Saving in-memory database to /mosquitto/data//mosquitto.db.
1670743126: Saving in-memory database to /mosquitto/data//mosquitto.db.
1670744927: Saving in-memory database to /mosquitto/data//mosquitto.db.
1670746728: Saving in-memory database to /mosquitto/data//mosquitto.db.
1670748529: Saving in-memory database to /mosquitto/data//mosquitto.db.
1670750330: Saving in-memory database to /mosquitto/data//mosquitto.db.
1670752131: Saving in-memory database to /mosquitto/data//mosquitto.db.
1670753932: Saving in-memory database to /mosquitto/data//mosquitto.db.
1670755733: Saving in-memory database to /mosquitto/data//mosquitto.db.
1670757534: Saving in-memory database to /mosquitto/data//mosquitto.db.
1670759335: Saving in-memory database to /mosquitto/data//mosquitto.db.
1670761136: Saving in-memory database to /mosquitto/data//mosquitto.db.
1670762937: Saving in-memory database to /mosquitto/data//mosquitto.db.
1670764738: Saving in-memory database to /mosquitto/data//mosquitto.db.
1670766539: Saving in-memory database to /mosquitto/data//mosquitto.db.
1670768340: Saving in-memory database to /mosquitto/data//mosquitto.db.
1670770141: Saving in-memory database to /mosquitto/data//mosquitto.db.
1670771942: Saving in-memory database to /mosquitto/data//mosquitto.db.
1670773743: Saving in-memory database to /mosquitto/data//mosquitto.db.
1670775544: Saving in-memory database to /mosquitto/data//mosquitto.db.
1670777345: Saving in-memory database to /mosquitto/data//mosquitto.db.
1670779146: Saving in-memory database to /mosquitto/data//mosquitto.db.
1670780947: Saving in-memory database to /mosquitto/data//mosquitto.db.
